Product projects
---------------------------------------
C:\Users\Utilisateur\Documents\ING-2\C#\mariage-edwige-henri\src\back\Mariage.ServiceDefaults\Mariage.ServiceDefaults.csproj
C:\Users\Utilisateur\Documents\ING-2\C#\mariage-edwige-henri\src\back\Mariage.Domain\Mariage.Domain.csproj
C:\Users\Utilisateur\Documents\ING-2\C#\mariage-edwige-henri\src\back\Mariage.AppHost\Mariage.AppHost.csproj
C:\Users\Utilisateur\Documents\ING-2\C#\mariage-edwige-henri\src\back\Mariage.Contracts\Mariage.Contracts.csproj
C:\Users\Utilisateur\Documents\ING-2\C#\mariage-edwige-henri\src\back\Mariage.Application\Mariage.Application.csproj
C:\Users\Utilisateur\Documents\ING-2\C#\mariage-edwige-henri\src\back\Mariage.Infrastructure\Mariage.Infrastructure.csproj
C:\Users\Utilisateur\Documents\ING-2\C#\mariage-edwige-henri\src\back\Mariage.Api\Mariage.Api.csproj


Test projects
---------------------------------------


Invalid projects
---------------------------------------
{none}


Skipped projects
---------------------------------------
{none}


Excluded projects
---------------------------------------
{none}


